
> arceapps-astro-site@0.0.1 dev /app
> astro dev

▶ Astro collects anonymous usage data.
  This information helps us improve Astro.
  Run "astro telemetry disable" to opt-out.
  https://astro.build/telemetry

17:38:52 [types] Generated 1ms
17:38:53 [content] Syncing content
[Shiki] The language "gradle" doesn't exist, falling back to "plaintext".
[Shiki] The language "gradle" doesn't exist, falling back to "plaintext".
[Shiki] The language "dataview" doesn't exist, falling back to "plaintext".

 update  ▶ New version of Astro available: 5.17.2
  Run pnpm dlx @astrojs/upgrade to update

17:38:56 [content] Synced content

 astro  v5.16.14 ready in 4389 ms

┃ Local    http://localhost:4321/
┃ Network  use --host to expose

17:38:56 watching for file changes...
17:40:23 [200] / 1318ms
17:40:24 [404] /images/apps/multiplication-table.png 21ms
17:40:24 [200] /_image 615ms
17:40:24 [200] / 29ms
17:40:25 [404] /images/apps/multiplication-table.png 19ms
17:40:28 [200] /es/ 16ms
17:40:31 [200] / 11ms
17:40:31 [404] /images/apps/multiplication-table.png 19ms
17:40:31 [404] /images/apps/multiplication-table.png 9ms
17:41:20 [watch] verification/verify_i18n.py
17:41:20 [watch] verification/verify_i18n.py
17:41:28 [200] / 137ms
17:41:28 [404] /images/apps/multiplication-table.png 19ms
17:41:29 [200] /_image 160ms
17:41:29 [200] / 16ms
17:41:29 [404] /images/apps/multiplication-table.png 12ms
17:41:30 [200] /es/ 14ms
17:41:32 [200] / 13ms
17:41:32 [404] /images/apps/multiplication-table.png 17ms
17:41:32 [404] /images/apps/multiplication-table.png 7ms
17:41:33 [200] /es/ 11ms
17:43:13 [watch] src/components/Hero.astro
17:43:13 [watch] src/components/Hero.astro
17:43:20 [200] / 114ms
17:43:20 [404] /images/apps/multiplication-table.png 14ms
17:43:20 [200] /_image 157ms
17:43:20 [200] / 18ms
17:43:20 [404] /images/apps/multiplication-table.png 7ms
17:43:21 [200] /es/ 11ms
17:43:23 [200] / 10ms
17:43:23 [404] /images/apps/multiplication-table.png 12ms
17:43:23 [404] /images/apps/multiplication-table.png 10ms
17:43:24 [200] /es/ 11ms
17:45:56 [watch] src/components/Header.astro
17:45:56 [watch] src/components/Header.astro
17:46:07 [watch] verification/verify_i18n.py
17:46:07 [watch] verification/verify_i18n.py
17:46:58 [200] / 125ms
17:46:58 [404] /images/apps/multiplication-table.png 12ms
17:46:58 [200] /_image 192ms
17:46:59 [200] / 13ms
17:46:59 [404] /images/apps/multiplication-table.png 13ms
17:47:00 [200] /es/ 14ms
17:47:00 [200] /es/ 13ms
17:47:01 [200] / 11ms
20:05:04 [watch] src/pages/es/apps/apps/[...slug].astro
20:05:04 [watch] src/pages/es/apps/apps/[...slug].astro
20:05:04 [watch] src/pages/es/apps/apps/index.astro
20:05:04 [watch] src/pages/es/apps/apps/index.astro
20:05:04 [watch] src/pages/es/blog/blog/[...page].astro
20:05:04 [watch] src/pages/es/blog/blog/[...page].astro
20:05:04 [watch] src/pages/es/blog/blog/[...slug].astro
20:05:04 [watch] src/pages/es/blog/blog/[...slug].astro
20:05:04 [watch] src/pages/es/blog/blog/tag/[tag].astro
20:05:04 [watch] src/pages/es/blog/blog/tag/[tag].astro
20:05:04 [watch] src/pages/es/devlog/devlog/[...slug].astro
20:05:04 [watch] src/pages/es/devlog/devlog/[...slug].astro
20:05:04 [watch] src/pages/es/devlog/devlog/index.astro
20:05:04 [watch] src/pages/es/devlog/devlog/index.astro
20:05:53 [watch] src/pages/es/about-me.astro
20:05:53 [watch] src/pages/es/about-me.astro
20:05:57 [watch] src/pages/es/privacy-policy.astro
20:05:57 [watch] src/pages/es/privacy-policy.astro
20:07:06 [watch] verification/verify_i18n.py
20:07:06 [watch] verification/verify_i18n.py
